<?xml version="1.0" encoding="UTF-8"?>
<testsuite xmlns:xsi="http://www.w3.org/2001/XMLSchema-instance" xsi:noNamespaceSchemaLocation="https://maven.apache.org/surefire/maven-surefire-plugin/xsd/surefire-test-report-3.0.xsd" version="3.0" name="com.book.BooksReview.BooksReviewApplicationTests" time="11.023" tests="1" errors="0" skipped="0" failures="0">
  <properties>
[...]
</properties>
  <testcase name="contextLoads" classname="com.book.BooksReview.BooksReviewApplicationTests" time="2.574">
    <system-out><![CDATA[22:49:58.613 [main] INFO org.springframework.test.context.support.AnnotationConfigContextLoaderUtils -- Could not detect default configuration classes for test class [com.book.BooksReview.BooksReviewApplicationTests]: BooksReviewApplicationTests does not declare any static, non-private, non-final, nested classes annotated with @Configuration.
22:49:59.091 [main] INFO org.springframework.boot.test.context.SpringBootTestContextBootstrapper -- Found @SpringBootConfiguration com.book.BooksReview.BooksReviewApplication for test class com.book.BooksReview.BooksReviewApplicationTests

  .   ____          _            __ _ _
 /\\ / ___'_ __ _ _(_)_ __  __ _ \ \ \ \
( ( )\___ | '_ | '_| | '_ \/ _` | \ \ \ \
 \\/  ___)| |_)| | | | | || (_| |  ) ) ) )
  '  |____| .__|_| |_|_| |_\__, | / / / /
 =========|_|==============|___/=/_/_/_/
 :: Spring Boot ::                (v3.1.4)

2023-10-05T22:50:00.233+08:00  INFO 12832 --- [           main] c.b.B.BooksReviewApplicationTests        : Starting BooksReviewApplicationTests using Java 20.0.1 with PID 12832 (started by Axol Nania in D:\Coding Projects\Final\BooksReview)
2023-10-05T22:50:00.235+08:00  INFO 12832 --- [           main] c.b.B.BooksReviewApplicationTests        : No active profile set, falling back to 1 default profile: "default"
2023-10-05T22:50:01.429+08:00  INFO 12832 --- [           main] .s.d.r.c.RepositoryConfigurationDelegate : Bootstrapping Spring Data MongoDB repositories in DEFAULT mode.
2023-10-05T22:50:01.526+08:00  INFO 12832 --- [           main] .s.d.r.c.RepositoryConfigurationDelegate : Finished Spring Data repository scanning in 86 ms. Found 2 MongoDB repository interfaces.
2023-10-05T22:50:02.884+08:00  INFO 12832 --- [           main] org.mongodb.driver.client                : MongoClient with metadata {"driver": {"name": "mongo-java-driver|sync|spring-boot", "version": "4.9.1"}, "os": {"type": "Windows", "name": "Windows 10", "architecture": "amd64", "version": "10.0"}, "platform": "Java/Oracle Corporation/20.0.1+9-29"} created with settings MongoClientSettings{readPreference=primary, writeConcern=WriteConcern{w=null, wTimeout=null ms, journal=null}, retryWrites=true, retryReads=true, readConcern=ReadConcern{level=null}, credential=MongoCredential{mechanism=null, userName='nonad06', source='admin', password=<hidden>, mechanismProperties=<hidden>}, streamFactoryFactory=null, commandListeners=[], codecRegistry=ProvidersCodecRegistry{codecProviders=[ValueCodecProvider{}, BsonValueCodecProvider{}, DBRefCodecProvider{}, DBObjectCodecProvider{}, DocumentCodecProvider{}, CollectionCodecProvider{}, IterableCodecProvider{}, MapCodecProvider{}, GeoJsonCodecProvider{}, GridFSFileCodecProvider{}, Jsr310CodecProvider{}, JsonObjectCodecProvider{}, BsonCodecProvider{}, EnumCodecProvider{}, com.mongodb.client.model.mql.ExpressionCodecProvider@22c53d82, com.mongodb.Jep395RecordCodecProvider@3a6045c6]}, loggerSettings=LoggerSettings{maxDocumentLength=1000}, clusterSettings={hosts=[127.0.0.1:27017], srvHost=cluster0.y1pt5sj.mongodb.net, srvServiceName=mongodb, mode=MULTIPLE, requiredClusterType=REPLICA_SET, requiredReplicaSetName='atlas-sq9llg-shard-0', serverSelector='null', clusterListeners='[]', serverSelectionTimeout='30000 ms', localThreshold='30000 ms'}, socketSettings=SocketSettings{connectTimeoutMS=10000, readTimeoutMS=0, receiveBufferSize=0, sendBufferSize=0}, heartbeatSocketSettings=SocketSettings{connectTimeoutMS=10000, readTimeoutMS=10000, receiveBufferSize=0, sendBufferSize=0}, connectionPoolSettings=ConnectionPoolSettings{maxSize=100, minSize=0, maxWaitTimeMS=120000, maxConnectionLifeTimeMS=0, maxConnectionIdleTimeMS=0, maintenanceInitialDelayMS=0, maintenanceFrequencyMS=60000, connectionPoolListeners=[], maxConnecting=2}, serverSettings=ServerSettings{heartbeatFrequencyMS=10000, minHeartbeatFrequencyMS=500, serverListeners='[]', serverMonitorListeners='[]'}, sslSettings=SslSettings{enabled=true, invalidHostNameAllowed=false, context=null}, applicationName='null', compressorList=[], uuidRepresentation=JAVA_LEGACY, serverApi=null, autoEncryptionSettings=null, contextProvider=null}
2023-10-05T22:50:03.142+08:00  INFO 12832 --- [5sj.mongodb.net] org.mongodb.driver.cluster               : Adding discovered server ac-3u7ztly-shard-00-01.y1pt5sj.mongodb.net:27017 to client view of cluster
2023-10-05T22:50:03.232+08:00  INFO 12832 --- [5sj.mongodb.net] org.mongodb.driver.cluster               : Adding discovered server ac-3u7ztly-shard-00-00.y1pt5sj.mongodb.net:27017 to client view of cluster
2023-10-05T22:50:03.235+08:00  INFO 12832 --- [5sj.mongodb.net] org.mongodb.driver.cluster               : Adding discovered server ac-3u7ztly-shard-00-02.y1pt5sj.mongodb.net:27017 to client view of cluster
2023-10-05T22:50:05.770+08:00  INFO 12832 --- [ngodb.net:27017] org.mongodb.driver.cluster               : Monitor thread successfully connected to server with description ServerDescription{address=ac-3u7ztly-shard-00-02.y1pt5sj.mongodb.net:27017, type=REPLICA_SET_PRIMARY, state=CONNECTED, ok=true, minWireVersion=0, maxWireVersion=17, maxDocumentSize=16777216, logicalSessionTimeoutMinutes=30, roundTripTimeNanos=1355893600, setName='atlas-sq9llg-shard-0', canonicalAddress=ac-3u7ztly-shard-00-02.y1pt5sj.mongodb.net:27017, hosts=[ac-3u7ztly-shard-00-00.y1pt5sj.mongodb.net:27017, ac-3u7ztly-shard-00-01.y1pt5sj.mongodb.net:27017, ac-3u7ztly-shard-00-02.y1pt5sj.mongodb.net:27017], passives=[], arbiters=[], primary='ac-3u7ztly-shard-00-02.y1pt5sj.mongodb.net:27017', tagSet=TagSet{[Tag{name='nodeType', value='ELECTABLE'}, Tag{name='provider', value='AWS'}, Tag{name='region', value='AP_EAST_1'}, Tag{name='workloadType', value='OPERATIONAL'}]}, electionId=7fffffff0000000000000090, setVersion=1, topologyVersion=TopologyVersion{processId=650bea962d3b5b383d07daed, counter=6}, lastWriteDate=Thu Oct 05 22:51:55 CST 2023, lastUpdateTimeNanos=110015925152900}
2023-10-05T22:50:05.770+08:00  INFO 12832 --- [ngodb.net:27017] org.mongodb.driver.cluster               : Monitor thread successfully connected to server with description ServerDescription{address=ac-3u7ztly-shard-00-00.y1pt5sj.mongodb.net:27017, type=REPLICA_SET_SECONDARY, state=CONNECTED, ok=true, minWireVersion=0, maxWireVersion=17, maxDocumentSize=16777216, logicalSessionTimeoutMinutes=30, roundTripTimeNanos=1351985800, setName='atlas-sq9llg-shard-0', canonicalAddress=ac-3u7ztly-shard-00-00.y1pt5sj.mongodb.net:27017, hosts=[ac-3u7ztly-shard-00-00.y1pt5sj.mongodb.net:27017, ac-3u7ztly-shard-00-01.y1pt5sj.mongodb.net:27017, ac-3u7ztly-shard-00-02.y1pt5sj.mongodb.net:27017], passives=[], arbiters=[], primary='ac-3u7ztly-shard-00-02.y1pt5sj.mongodb.net:27017', tagSet=TagSet{[Tag{name='nodeType', value='ELECTABLE'}, Tag{name='provider', value='AWS'}, Tag{name='region', value='AP_EAST_1'}, Tag{name='workloadType', value='OPERATIONAL'}]}, electionId=null, setVersion=1, topologyVersion=TopologyVersion{processId=650be98305366b17cc91538f, counter=4}, lastWriteDate=Thu Oct 05 22:51:55 CST 2023, lastUpdateTimeNanos=110015924550200}
2023-10-05T22:50:05.779+08:00  INFO 12832 --- [ngodb.net:27017] org.mongodb.driver.cluster               : Discovered replica set primary ac-3u7ztly-shard-00-02.y1pt5sj.mongodb.net:27017 with max election id 7fffffff0000000000000090 and max set version 1
2023-10-05T22:50:05.825+08:00  INFO 12832 --- [ngodb.net:27017] org.mongodb.driver.cluster               : Monitor thread successfully connected to server with description ServerDescription{address=ac-3u7ztly-shard-00-01.y1pt5sj.mongodb.net:27017, type=REPLICA_SET_SECONDARY, state=CONNECTED, ok=true, minWireVersion=0, maxWireVersion=17, maxDocumentSize=16777216, logicalSessionTimeoutMinutes=30, roundTripTimeNanos=1432208900, setName='atlas-sq9llg-shard-0', canonicalAddress=ac-3u7ztly-shard-00-01.y1pt5sj.mongodb.net:27017, hosts=[ac-3u7ztly-shard-00-00.y1pt5sj.mongodb.net:27017, ac-3u7ztly-shard-00-01.y1pt5sj.mongodb.net:27017, ac-3u7ztly-shard-00-02.y1pt5sj.mongodb.net:27017], passives=[], arbiters=[], primary='ac-3u7ztly-shard-00-02.y1pt5sj.mongodb.net:27017', tagSet=TagSet{[Tag{name='nodeType', value='ELECTABLE'}, Tag{name='provider', value='AWS'}, Tag{name='region', value='AP_EAST_1'}, Tag{name='workloadType', value='OPERATIONAL'}]}, electionId=null, setVersion=1, topologyVersion=TopologyVersion{processId=650bebd9bc9d8e5da669c1bb, counter=3}, lastWriteDate=Thu Oct 05 22:51:55 CST 2023, lastUpdateTimeNanos=110016004323500}
2023-10-05T22:50:06.541+08:00  INFO 12832 --- [           main] c.b.B.BooksReviewApplicationTests        : Started BooksReviewApplicationTests in 7.045 seconds (process running for 10.027)
]]></system-out>
  </testcase>
</testsuite>